[2026-06-07 21:49:53 +0800] [44543] [INFO] Starting gunicorn 26.0.0
[2026-06-07 21:49:53 +0800] [44543] [INFO] Listening at: http://0.0.0.0:5000 (44543)
[2026-06-07 21:49:53 +0800] [44543] [INFO] Using worker: sync
[2026-06-07 21:49:53 +0800] [44545] [INFO] Booting worker with pid: 44545
[2026-06-07 21:49:53 +0800] [44543] [INFO] Control socket listening at /Users/kaijimima1234/.gunicorn/gunicorn.ctl
[2026-06-07 21:52:48 +0800] [44543] [CRITICAL] WORKER TIMEOUT (pid:44545)
[2026-06-07 21:52:48 +0800] [44545] [ERROR] Error handling request GET /api/sse/events
Traceback (most recent call last):
  File "/Library/Frameworks/Python.framework/Versions/3.14/lib/python3.14/site-packages/gunicorn/workers/sync.py", line 141, in handle
    self.handle_request(listener, req, client, addr)
    ~~~~~~~~~~~~~~~~~~~^^^^^^^^^^^^^^^^^^^^^^^^^^^^^
  File "/Library/Frameworks/Python.framework/Versions/3.14/lib/python3.14/site-packages/gunicorn/workers/sync.py", line 189, in handle_request
    for item in respiter:
                ^^^^^^^^
  File "/Library/Frameworks/Python.framework/Versions/3.14/lib/python3.14/site-packages/werkzeug/wsgi.py", line 270, in __next__
    return self._next()
           ~~~~~~~~~~^^
  File "/Library/Frameworks/Python.framework/Versions/3.14/lib/python3.14/site-packages/werkzeug/wrappers/response.py", line 32, in _iter_encoded
    for item in iterable:
                ^^^^^^^^
  File "/Library/Frameworks/Python.framework/Versions/3.14/lib/python3.14/site-packages/flask/helpers.py", line 132, in generator
    yield from gen
  File "/Users/kaijimima1234/项目/美团ai openclaw版本/server.py", line 1697, in generate
    data = q.get(timeout=30)
  File "/Library/Frameworks/Python.framework/Versions/3.14/lib/python3.14/queue.py", line 210, in get
    self.not_empty.wait(remaining)
    ~~~~~~~~~~~~~~~~~~~^^^^^^^^^^^
  File "/Library/Frameworks/Python.framework/Versions/3.14/lib/python3.14/threading.py", line 373, in wait
    gotit = waiter.acquire(True, timeout)
  File "/Library/Frameworks/Python.framework/Versions/3.14/lib/python3.14/site-packages/gunicorn/workers/base.py", line 198, in handle_abort
    sys.exit(1)
    ~~~~~~~~^^^
SystemExit: 1
[2026-06-07 21:52:48 +0800] [44545] [INFO] Worker exiting (pid: 44545)
[OpenClaw Bridge] 已注册 8 个 Skill
[2026-06-07 21:52:48 +0800] [44711] [INFO] Booting worker with pid: 44711
[2026-06-07 21:52:48 +0800] [44543] [INFO] Control socket listening at /Users/kaijimima1234/.gunicorn/gunicorn.ctl
[2026-06-07 21:54:28 +0800] [44543] [INFO] Handling signal: term
[2026-06-07 21:54:30 +0800] [44543] [ERROR] Worker (pid:44711) was sent SIGKILL! Perhaps out of memory?
[2026-06-07 21:54:30 +0800] [44543] [INFO] Shutting down: Master
